&lt;?xml version=&quot;1.0&quot; encoding=&quot;UTF-8&quot;?&gt;
&lt;root&gt;
    &lt;document&gt;
        &lt;title&gt;Server-side XML Download Test&lt;/title&gt;
        &lt;description&gt;This is an XML file for testing downloads from the server.&lt;/description&gt;
        &lt;metadata&gt;
            &lt;created&gt;2024-01-01&lt;/created&gt;
            &lt;version&gt;1.0&lt;/version&gt;
            &lt;format&gt;XML&lt;/format&gt;
        &lt;/metadata&gt;
        &lt;content&gt;
            &lt;section id=&quot;1&quot;&gt;
                &lt;heading&gt;Test Data&lt;/heading&gt;
                &lt;data&gt;Sample XML content for download testing&lt;/data&gt;
            &lt;/section&gt;
            &lt;section id=&quot;2&quot;&gt;
                &lt;heading&gt;More Data&lt;/heading&gt;
                &lt;data&gt;Additional XML content with special characters: &amp;amp; &amp;lt; &amp;gt;&lt;/data&gt;
            &lt;/section&gt;
        &lt;/content&gt;
    &lt;/document&gt;
&lt;/root&gt;
